<?xml version="1.0" encoding="UTF-8"?>
<testsuite xmlns:xsi="http://www.w3.org/2001/XMLSchema-instance" xsi:noNamespaceSchemaLocation="https://maven.apache.org/surefire/maven-surefire-plugin/xsd/surefire-test-report.xsd" name="papapizza.baking.BakingManagementTest" time="20.512" tests="8" errors="0" skipped="0" failures="0">
  <properties>
[...]
</properties>
  <testcase name="toBeBakedAmountZeroSthInOven" classname="papapizza.baking.BakingManagementTest" time="0.812"/>
  <testcase name="nextPizzaToBeBakedNoPizza" classname="papapizza.baking.BakingManagementTest" time="5.128"/>
  <testcase name="nextPizzaToBeBakedPos" classname="papapizza.baking.BakingManagementTest" time="6.452"/>
  <testcase name="toBeBakedAmountMore" classname="papapizza.baking.BakingManagementTest" time="0.242"/>
  <testcase name="inOvenAmount" classname="papapizza.baking.BakingManagementTest" time="0.192"/>
  <testcase name="rejectsUnauthenticatedAccessToController" classname="papapizza.baking.BakingManagementTest" time="3.007"/>
  <testcase name="toBeBakedAmountZeroNotInOven" classname="papapizza.baking.BakingManagementTest" time="1.324"/>
  <testcase name="inOvenUpdate" classname="papapizza.baking.BakingManagementTest" time="2.906"/>
</testsuite>